<?xml version="1.0"?>
<testsuites>
<testsuite name="Root Suite" timestamp="2022-11-21T02:08:18" tests="0" file="cypress/e2e/login.cy.js" time="0.000" failures="0"></testsuite>
<testsuite name="Login Functionality Testing" timestamp="2022-11-21T02:08:18" tests="6" time="72.583" failures="0">
  
  <testcase name="Login Functionality Testing Logins successfully with correct credentials" time="13.793" classname="Logins successfully with correct credentials"></testcase>
  
  <testcase name="Login Functionality Testing Login not allowed with Incorrect credentials" time="7.934" classname="Login not allowed with Incorrect credentials"></testcase>
  
  <testcase name="Login Functionality Testing Logout successfully" time="17.460" classname="Logout successfully"></testcase>
  
  <testcase name="Login Functionality Testing Login with EmptyPassword" time="6.300" classname="Login with EmptyPassword"></testcase>
  
  <testcase name="Login Functionality Testing Should Logout successfully and click browser back button not allowing to login back" time="20.409" classname="Should Logout successfully and click browser back button not allowing to login back"></testcase>
  
  <testcase name="Login Functionality Testing Verify forgot password link working" time="5.120" classname="Verify forgot password link working"></testcase>
  
</testsuite>

<testsuite name="Root Suite" timestamp="2022-11-21T02:08:11" tests="0" file="cypress/e2e/apiMovies.cy.js" time="0.000" failures="0"></testsuite>
<testsuite name="Testing GET top-rated Movies API" timestamp="2022-11-21T02:08:11" tests="5" time="1.460" failures="0">
  
  <testcase name="Testing GET top-rated Movies API GET top rated movies with default page 1 result" time="0.407" classname="GET top rated movies with default page 1 result"></testcase>
  
  <testcase name="Testing GET top-rated Movies API Should display error message code 401 GET top rated movies with incorrect api_key" time="0.267" classname="Should display error message code 401 GET top rated movies with incorrect api_key"></testcase>
  
  <testcase name="Testing GET top-rated Movies API Should not GET top rated movies with page=0" time="0.264" classname="Should not GET top rated movies with page=0"></testcase>
  
  <testcase name="Testing GET top-rated Movies API Should GET top rated movies with max page" time="0.084" classname="Should GET top rated movies with max page"></testcase>
  
  <testcase name="Testing GET top-rated Movies API Should GET top rated movies with random page between 1-500" time="0.412" classname="Should GET top rated movies with random page between 1-500"></testcase>
  
</testsuite>
<testsuite name="Testing POST rate-Movies API tests" timestamp="2022-11-21T02:08:13" tests="4" time="1.911" failures="0">
  
  <testcase name="Testing POST rate-Movies API tests POST rate movies with random movieId everytime" time="0.349" classname="POST rate movies with random movieId everytime"></testcase>
  
  <testcase name="Testing POST rate-Movies API tests POST with incorrect movieId reponse code should be 404" time="0.525" classname="POST with incorrect movieId reponse code should be 404"></testcase>
  
  <testcase name="Testing POST rate-Movies API tests POST without token then reponse code should be 401" time="0.499" classname="POST without token then reponse code should be 401"></testcase>
  
  <testcase name="Testing POST rate-Movies API tests POST with incorrect rating not multiple of 0.5 then reponse code should be 400" time="0.521" classname="POST with incorrect rating not multiple of 0.5 then reponse code should be 400"></testcase>
  
</testsuite>

</testsuites>